Determining if the pthread_create exist failed with the following output:
Change Dir: /home/team5/khm/workspace/FaceRecognition/build/CMakeFiles/CMakeTmp

Run Build Command:"/usr/bin/make" "cmTC_3557e/fast"
/usr/bin/make -f CMakeFiles/cmTC_3557e.dir/build.make CMakeFiles/cmTC_3557e.dir/build
make[1]: Entering directory '/home/team5/khm/workspace/FaceRecognition/build/CMakeFiles/CMakeTmp'
Building C object CMakeFiles/cmTC_3557e.dir/CheckSymbolExists.c.o
/usr/bin/cc   -fPIC    -o CMakeFiles/cmTC_3557e.dir/CheckSymbolExists.c.o   -c /home/team5/khm/workspace/FaceRecognition/build/CMakeFiles/CMakeTmp/CheckSymbolExists.c
Linking C executable cmTC_3557e
/usr/bin/cmake -E cmake_link_script CMakeFiles/cmTC_3557e.dir/link.txt --verbose=1
/usr/bin/cc -fPIC     -rdynamic CMakeFiles/cmTC_3557e.dir/CheckSymbolExists.c.o  -o cmTC_3557e 
CMakeFiles/cmTC_3557e.dir/CheckSymbolExists.c.o: In function `main':
CheckSymbolExists.c:(.text+0x14): undefined reference to `pthread_create'
CheckSymbolExists.c:(.text+0x18): undefined reference to `pthread_create'
collect2: error: ld returned 1 exit status
CMakeFiles/cmTC_3557e.dir/build.make:97: recipe for target 'cmTC_3557e' failed
make[1]: *** [cmTC_3557e] Error 1
make[1]: Leaving directory '/home/team5/khm/workspace/FaceRecognition/build/CMakeFiles/CMakeTmp'
Makefile:126: recipe for target 'cmTC_3557e/fast' failed
make: *** [cmTC_3557e/fast] Error 2

File /home/team5/khm/workspace/FaceRecognition/build/CMakeFiles/CMakeTmp/CheckSymbolExists.c:
/* */
#include <pthread.h>

int main(int argc, char** argv)
{
  (void)argv;
#ifndef pthread_create
  return ((int*)(&pthread_create))[argc];
#else
  (void)argc;
  return 0;
#endif
}

Determining if the function pthread_create exists in the pthreads failed with the following output:
Change Dir: /home/team5/khm/workspace/FaceRecognition/build/CMakeFiles/CMakeTmp

Run Build Command:"/usr/bin/make" "cmTC_e67e4/fast"
/usr/bin/make -f CMakeFiles/cmTC_e67e4.dir/build.make CMakeFiles/cmTC_e67e4.dir/build
make[1]: Entering directory '/home/team5/khm/workspace/FaceRecognition/build/CMakeFiles/CMakeTmp'
Building C object CMakeFiles/cmTC_e67e4.dir/CheckFunctionExists.c.o
/usr/bin/cc   -fPIC -DCHECK_FUNCTION_EXISTS=pthread_create   -o CMakeFiles/cmTC_e67e4.dir/CheckFunctionExists.c.o   -c /usr/share/cmake-3.10/Modules/CheckFunctionExists.c
Linking C executable cmTC_e67e4
/usr/bin/cmake -E cmake_link_script CMakeFiles/cmTC_e67e4.dir/link.txt --verbose=1
/usr/bin/cc -fPIC -DCHECK_FUNCTION_EXISTS=pthread_create    -rdynamic CMakeFiles/cmTC_e67e4.dir/CheckFunctionExists.c.o  -o cmTC_e67e4 -lpthreads 
/usr/bin/ld: cannot find -lpthreads
collect2: error: ld returned 1 exit status
CMakeFiles/cmTC_e67e4.dir/build.make:97: recipe for target 'cmTC_e67e4' failed
make[1]: *** [cmTC_e67e4] Error 1
make[1]: Leaving directory '/home/team5/khm/workspace/FaceRecognition/build/CMakeFiles/CMakeTmp'
Makefile:126: recipe for target 'cmTC_e67e4/fast' failed
make: *** [cmTC_e67e4/fast] Error 2


